<?xml version="1.0" encoding="UTF-8"?>
<!-- Generated by org.testng.reporters.JUnitReportReporter -->
<testsuite skipped="0" hostname="DESKTOP-8N8BD9R" name="advanced_payload_strategies.DynamicPayload" tests="1" failures="0" timestamp="2020-09-13T07:38:58 IST" time="1.543" errors="0">
  <testcase name="method" time="1.543" classname="advanced_payload_strategies.DynamicPayload"/>
  <system-out/>
</testsuite> <!-- advanced_payload_strategies.DynamicPayload -->
