<?xml version="1.0" encoding="UTF-8"?>
<!-- Generated by org.testng.reporters.JUnitReportReporter -->
<testsuite skipped="0" hostname="DESKTOP-8N8BD9R" name="api.practice.Practice" tests="1" failures="0" timestamp="2020-09-05T08:27:16 IST" time="5.332" errors="0">
  <testcase name="method" time="5.332" classname="api.practice.Practice"/>
  <system-out/>
</testsuite> <!-- api.practice.Practice -->
