<?xml version="1.0" encoding="UTF-8"?>
<!-- Generated by org.testng.reporters.JUnitReportReporter -->
<testsuite skipped="0" hostname="DESKTOP-8N8BD9R" name="api.practice.Conditional_logic" tests="1" failures="0" timestamp="2020-09-12T09:36:08 IST" time="0.704" errors="0">
  <testcase name="method" time="0.704" classname="api.practice.Conditional_logic"/>
  <system-out/>
</testsuite> <!-- api.practice.Conditional_logic -->
